<?xml version="1.0" encoding="UTF-8"?>
<testsuite name="restApp.Logic.TriangleCheckTest" tests="1" skipped="0" failures="0" errors="0" timestamp="2017-11-17T12:57:05" hostname="brandon-ThinkPad-S2" time="0.022">
  <properties/>
  <testcase name="checkTriangle" classname="restApp.Logic.TriangleCheckTest" time="0.022"/>
  <system-out><![CDATA[]]></system-out>
  <system-err><![CDATA[]]></system-err>
</testsuite>
