<?xml version="1.0" encoding="UTF-8"?>
<testsuite name="restApp.Logic.TriangleCheckTest" tests="1" skipped="0" failures="0" errors="0" timestamp="2017-12-29T10:19:16" hostname="brandon-ThinkPad-S2" time="0.004">
  <properties/>
  <testcase name="checkTriangle" classname="restApp.Logic.TriangleCheckTest" time="0.004"/>
  <system-out><![CDATA[]]></system-out>
  <system-err><![CDATA[]]></system-err>
</testsuite>
