<?xml version="1.0" encoding="UTF-8"?>
<testsuite name="restApp.Logic.FibonacciTest" tests="1" skipped="0" failures="0" errors="0" timestamp="2017-11-17T12:43:40" hostname="brandon-ThinkPad-S2" time="0.001">
  <properties/>
  <testcase name="getFibonacciNumberAtTest" classname="restApp.Logic.FibonacciTest" time="0.001"/>
  <system-out><![CDATA[]]></system-out>
  <system-err><![CDATA[]]></system-err>
</testsuite>
