<?xml version="1.0" encoding="UTF-8"?>
<testsuite name="restApp.TokenControllerTest" tests="1" skipped="0" failures="0" errors="0" timestamp="2017-11-16T09:08:53" hostname="brandon-ThinkPad-S2" time="0.005">
  <properties/>
  <testcase name="sendTokenTest" classname="restApp.TokenControllerTest" time="0.005"/>
  <system-out><![CDATA[]]></system-out>
  <system-err><![CDATA[]]></system-err>
</testsuite>
