<?xml version="1.0" encoding="UTF-8"?>
<testsuite name="restApp.Logic.ReverseWordsTest" tests="1" skipped="0" failures="0" errors="0" timestamp="2017-11-17T13:37:21" hostname="brandon-ThinkPad-S2" time="0.004">
  <properties/>
  <testcase name="reverse" classname="restApp.Logic.ReverseWordsTest" time="0.004"/>
  <system-out><![CDATA[]]></system-out>
  <system-err><![CDATA[]]></system-err>
</testsuite>
