<?xml version="1.0" encoding="UTF-8"?>
<testsuite name="restApp.controller.TokenControllerTest" tests="1" skipped="0" failures="0" errors="0" timestamp="2017-11-17T13:01:33" hostname="brandon-ThinkPad-S2" time="0.0">
  <properties/>
  <testcase name="sendTokenTest" classname="restApp.controller.TokenControllerTest" time="0.0"/>
  <system-out><![CDATA[]]></system-out>
  <system-err><![CDATA[]]></system-err>
</testsuite>
